2022-06-29 06:45:10,824 INFO o.a.j.u.JMeterUtils: Setting Locale to en_EN
2022-06-29 06:45:10,842 INFO o.a.j.JMeter: Loading user properties from: /home/saul/apache-jmeter-5.5/bin/user.properties
2022-06-29 06:45:10,842 INFO o.a.j.JMeter: Loading system properties from: /home/saul/apache-jmeter-5.5/bin/system.properties
2022-06-29 06:45:10,847 INFO o.a.j.JMeter: Copyright (c) 1998-2022 The Apache Software Foundation
2022-06-29 06:45:10,847 INFO o.a.j.JMeter: Version 5.5
2022-06-29 06:45:10,848 INFO o.a.j.JMeter: java.version=11.0.12
2022-06-29 06:45:10,848 INFO o.a.j.JMeter: java.vm.name=Java HotSpot(TM) 64-Bit Server VM
2022-06-29 06:45:10,848 INFO o.a.j.JMeter: os.name=Linux
2022-06-29 06:45:10,848 INFO o.a.j.JMeter: os.arch=amd64
2022-06-29 06:45:10,848 INFO o.a.j.JMeter: os.version=5.4.0-120-generic
2022-06-29 06:45:10,848 INFO o.a.j.JMeter: file.encoding=UTF-8
2022-06-29 06:45:10,848 INFO o.a.j.JMeter: java.awt.headless=true
2022-06-29 06:45:10,848 INFO o.a.j.JMeter: Max memory     =1073741824
2022-06-29 06:45:10,848 INFO o.a.j.JMeter: Available Processors =8
2022-06-29 06:45:10,854 INFO o.a.j.JMeter: Default Locale=English (EN)
2022-06-29 06:45:10,854 INFO o.a.j.JMeter: JMeter  Locale=English (EN)
2022-06-29 06:45:10,854 INFO o.a.j.JMeter: JMeterHome=/home/saul/apache-jmeter-5.5
2022-06-29 06:45:10,855 INFO o.a.j.JMeter: user.dir  =/home/saul/IdeaProjects/aw10-final-saul-worseman
2022-06-29 06:45:10,855 INFO o.a.j.JMeter: PWD       =/home/saul/IdeaProjects/aw10-final-saul-worseman
2022-06-29 06:45:10,855 INFO o.a.j.JMeter: IP: 127.0.1.1 Name: ubuntu FullName: ubuntu
2022-06-29 06:45:10,866 INFO o.a.j.JMeter: Setting property 'jmeter.reportgenerator.outputdir' to:'/home/saul/IdeaProjects/aw10-final-saul-worseman/single-test-report'
2022-06-29 06:45:10,869 INFO o.a.j.s.FileServer: Default base='/home/saul/IdeaProjects/aw10-final-saul-worseman'
2022-06-29 06:45:10,870 INFO o.a.j.s.FileServer: Set new base='/home/saul/IdeaProjects/aw10-final-saul-worseman/JmeterFiles/SingleServerTest'
2022-06-29 06:45:11,088 INFO o.a.j.s.SaveService: Testplan (JMX) version: 2.2. Testlog (JTL) version: 2.2
2022-06-29 06:45:11,121 INFO o.a.j.s.SaveService: Using SaveService properties version 5.0
2022-06-29 06:45:11,125 INFO o.a.j.s.SaveService: Using SaveService properties file encoding UTF-8
2022-06-29 06:45:11,127 INFO o.a.j.s.SaveService: Loading file: JmeterFiles/SingleServerTest/SingleTest.jmx
2022-06-29 06:45:11,170 INFO o.a.j.p.h.s.HTTPSamplerBase: Parser for text/html is org.apache.jmeter.protocol.http.parser.LagartoBasedHtmlParser
2022-06-29 06:45:11,170 INFO o.a.j.p.h.s.HTTPSamplerBase: Parser for application/xhtml+xml is org.apache.jmeter.protocol.http.parser.LagartoBasedHtmlParser
2022-06-29 06:45:11,170 INFO o.a.j.p.h.s.HTTPSamplerBase: Parser for application/xml is org.apache.jmeter.protocol.http.parser.LagartoBasedHtmlParser
2022-06-29 06:45:11,170 INFO o.a.j.p.h.s.HTTPSamplerBase: Parser for text/xml is org.apache.jmeter.protocol.http.parser.LagartoBasedHtmlParser
2022-06-29 06:45:11,170 INFO o.a.j.p.h.s.HTTPSamplerBase: Parser for text/vnd.wap.wml is org.apache.jmeter.protocol.http.parser.RegexpHTMLParser
2022-06-29 06:45:11,170 INFO o.a.j.p.h.s.HTTPSamplerBase: Parser for text/css is org.apache.jmeter.protocol.http.parser.CssParser
2022-06-29 06:45:11,191 INFO o.a.j.JMeter: Creating summariser <summary>
2022-06-29 06:45:11,195 INFO o.a.j.r.d.ReportGenerator: ReportGenerator will use for Parsing the separator: ','
2022-06-29 06:45:11,195 INFO o.a.j.r.d.ReportGenerator: Will generate report at end of test from  results file: singletest.jcl
2022-06-29 06:45:11,196 INFO o.a.j.r.d.ReportGenerator: Reading report generator properties from: /home/saul/apache-jmeter-5.5/bin/reportgenerator.properties
2022-06-29 06:45:11,196 INFO o.a.j.r.d.ReportGenerator: Merging with JMeter properties
2022-06-29 06:45:11,201 INFO o.a.j.r.c.ReportGeneratorConfiguration: Property 'jmeter.reportgenerator.temp_dir' not found, using default value 'temp' instead.
2022-06-29 06:45:11,204 INFO o.a.j.r.c.ReportGeneratorConfiguration: Property 'jmeter.reportgenerator.apdex_per_transaction' not found, using default value 'null' instead.
2022-06-29 06:45:11,205 INFO o.a.j.r.c.ReportGeneratorConfiguration: apdex_per_transaction is empty, not APDEX per transaction customization
2022-06-29 06:45:11,205 INFO o.a.j.r.c.ReportGeneratorConfiguration: Property 'jmeter.reportgenerator.sample_filter' not found, using default value 'null' instead.
2022-06-29 06:45:11,205 INFO o.a.j.r.c.ReportGeneratorConfiguration: Property 'jmeter.reportgenerator.report_title' not found, using default value 'null' instead.
2022-06-29 06:45:11,205 INFO o.a.j.r.c.ReportGeneratorConfiguration: Property 'jmeter.reportgenerator.start_date' not found, using default value 'null' instead.
2022-06-29 06:45:11,205 INFO o.a.j.r.c.ReportGeneratorConfiguration: Property 'jmeter.reportgenerator.end_date' not found, using default value 'null' instead.
2022-06-29 06:45:11,205 INFO o.a.j.r.c.ReportGeneratorConfiguration: Property 'jmeter.reportgenerator.date_format' not found, using default value 'null' instead.
2022-06-29 06:45:11,206 INFO o.a.j.r.c.ReportGeneratorConfiguration: Will use date range start date: null, end date: null
2022-06-29 06:45:11,209 INFO o.a.j.r.c.ReportGeneratorConfiguration: Property 'jmeter.reportgenerator.graph.totalTPS.exclude_controllers' not found, using default value 'false' instead.
2022-06-29 06:45:11,210 INFO o.a.j.r.c.ReportGeneratorConfiguration: Property 'jmeter.reportgenerator.graph.activeThreadsOverTime.exclude_controllers' not found, using default value 'false' instead.
2022-06-29 06:45:11,210 INFO o.a.j.r.c.ReportGeneratorConfiguration: Property 'jmeter.reportgenerator.graph.timeVsThreads.exclude_controllers' not found, using default value 'false' instead.
2022-06-29 06:45:11,210 INFO o.a.j.r.c.ReportGeneratorConfiguration: Property 'jmeter.reportgenerator.graph.responseTimeDistribution.exclude_controllers' not found, using default value 'false' instead.
2022-06-29 06:45:11,210 INFO o.a.j.r.c.ReportGeneratorConfiguration: Property 'jmeter.reportgenerator.graph.transactionsPerSecond.exclude_controllers' not found, using default value 'false' instead.
2022-06-29 06:45:11,210 INFO o.a.j.r.c.ReportGeneratorConfiguration: Property 'jmeter.reportgenerator.graph.responseTimePercentiles.exclude_controllers' not found, using default value 'false' instead.
2022-06-29 06:45:11,210 INFO o.a.j.r.c.ReportGeneratorConfiguration: Property 'jmeter.reportgenerator.graph.responseTimePercentilesOverTime.exclude_controllers' not found, using default value 'false' instead.
2022-06-29 06:45:11,210 INFO o.a.j.r.c.ReportGeneratorConfiguration: Property 'jmeter.reportgenerator.graph.responseTimesOverTime.exclude_controllers' not found, using default value 'false' instead.
2022-06-29 06:45:11,210 INFO o.a.j.r.c.ReportGeneratorConfiguration: Property 'jmeter.reportgenerator.graph.connectTimeOverTime.exclude_controllers' not found, using default value 'false' instead.
2022-06-29 06:45:11,210 INFO o.a.j.r.c.ReportGeneratorConfiguration: Property 'jmeter.reportgenerator.graph.latenciesOverTime.exclude_controllers' not found, using default value 'false' instead.
2022-06-29 06:45:11,211 INFO o.a.j.r.c.ReportGeneratorConfiguration: Property 'jmeter.reportgenerator.exporter.json.filters_only_sample_series' not found, using default value 'true' instead.
2022-06-29 06:45:11,211 INFO o.a.j.r.c.ReportGeneratorConfiguration: Property 'jmeter.reportgenerator.exporter.json.series_filter' not found, using default value '' instead.
2022-06-29 06:45:11,211 INFO o.a.j.r.c.ReportGeneratorConfiguration: Property 'jmeter.reportgenerator.exporter.json.show_controllers_only' not found, using default value 'false' instead.
2022-06-29 06:45:11,212 INFO o.a.j.r.c.ReportGeneratorConfiguration: Property 'jmeter.reportgenerator.exporter.html.filters_only_sample_series' not found, using default value 'true' instead.
2022-06-29 06:45:11,212 INFO o.a.j.r.c.ReportGeneratorConfiguration: Property 'jmeter.reportgenerator.exporter.html.series_filter' not found, using default value '' instead.
2022-06-29 06:45:11,212 INFO o.a.j.r.c.ReportGeneratorConfiguration: Property 'jmeter.reportgenerator.exporter.html.show_controllers_only' not found, using default value 'false' instead.
2022-06-29 06:45:11,225 INFO o.a.j.e.StandardJMeterEngine: Running the test!
2022-06-29 06:45:11,227 INFO o.a.j.s.SampleEvent: List of sample_variables: []
2022-06-29 06:45:11,227 INFO o.a.j.s.SampleEvent: List of sample_variables: []
2022-06-29 06:45:11,241 INFO o.a.j.e.u.CompoundVariable: Note: Function class names must contain the string: '.functions.'
2022-06-29 06:45:11,241 INFO o.a.j.e.u.CompoundVariable: Note: Function class names must not contain the string: '.gui.'
2022-06-29 06:45:11,515 INFO o.a.j.JMeter: Running test (1656510311515)
2022-06-29 06:45:11,541 INFO o.a.j.e.StandardJMeterEngine: Starting ThreadGroup: 1 : Thread Group
2022-06-29 06:45:11,541 INFO o.a.j.e.StandardJMeterEngine: Starting 50 threads for group Thread Group.
2022-06-29 06:45:11,541 INFO o.a.j.e.StandardJMeterEngine: Thread will continue on error
2022-06-29 06:45:11,541 INFO o.a.j.t.ThreadGroup: Starting thread group... number=1 threads=50 ramp-up=0 delayedStart=false
2022-06-29 06:45:11,576 INFO o.a.j.t.JMeterThread: Thread started: Thread Group 1-14
2022-06-29 06:45:11,579 INFO o.a.j.t.JMeterThread: Thread started: Thread Group 1-17
2022-06-29 06:45:11,581 INFO o.a.j.t.JMeterThread: Thread started: Thread Group 1-10
2022-06-29 06:45:11,579 INFO o.a.j.t.JMeterThread: Thread started: Thread Group 1-16
2022-06-29 06:45:11,581 INFO o.a.j.t.JMeterThread: Thread started: Thread Group 1-11
2022-06-29 06:45:11,581 INFO o.a.j.t.JMeterThread: Thread started: Thread Group 1-18
2022-06-29 06:45:11,582 INFO o.a.j.t.JMeterThread: Thread started: Thread Group 1-5
2022-06-29 06:45:11,583 INFO o.a.j.t.JMeterThread: Thread started: Thread Group 1-8
2022-06-29 06:45:11,584 INFO o.a.j.t.JMeterThread: Thread started: Thread Group 1-6
2022-06-29 06:45:11,584 INFO o.a.j.t.JMeterThread: Thread started: Thread Group 1-1
2022-06-29 06:45:11,585 INFO o.a.j.t.JMeterThread: Thread started: Thread Group 1-2
2022-06-29 06:45:11,585 INFO o.a.j.t.JMeterThread: Thread started: Thread Group 1-9
2022-06-29 06:45:11,585 INFO o.a.j.t.JMeterThread: Thread started: Thread Group 1-12
2022-06-29 06:45:11,585 INFO o.a.j.t.JMeterThread: Thread started: Thread Group 1-3
2022-06-29 06:45:11,588 INFO o.a.j.t.JMeterThread: Thread started: Thread Group 1-15
2022-06-29 06:45:11,588 INFO o.a.j.t.JMeterThread: Thread started: Thread Group 1-4
2022-06-29 06:45:11,588 INFO o.a.j.t.JMeterThread: Thread started: Thread Group 1-7
2022-06-29 06:45:11,590 INFO o.a.j.t.JMeterThread: Thread started: Thread Group 1-20
2022-06-29 06:45:11,590 INFO o.a.j.t.JMeterThread: Thread started: Thread Group 1-19
2022-06-29 06:45:11,590 INFO o.a.j.t.JMeterThread: Thread started: Thread Group 1-21
2022-06-29 06:45:11,588 INFO o.a.j.t.JMeterThread: Thread started: Thread Group 1-13
2022-06-29 06:45:11,595 INFO o.a.j.t.JMeterThread: Thread started: Thread Group 1-22
2022-06-29 06:45:11,595 INFO o.a.j.t.JMeterThread: Thread started: Thread Group 1-23
2022-06-29 06:45:11,598 INFO o.a.j.t.JMeterThread: Thread started: Thread Group 1-25
2022-06-29 06:45:11,600 INFO o.a.j.t.JMeterThread: Thread started: Thread Group 1-26
2022-06-29 06:45:11,601 INFO o.a.j.t.JMeterThread: Thread started: Thread Group 1-28
2022-06-29 06:45:11,602 INFO o.a.j.t.JMeterThread: Thread started: Thread Group 1-27
2022-06-29 06:45:11,603 INFO o.a.j.t.JMeterThread: Thread started: Thread Group 1-29
2022-06-29 06:45:11,603 INFO o.a.j.t.JMeterThread: Thread started: Thread Group 1-24
2022-06-29 06:45:11,603 INFO o.a.j.t.JMeterThread: Thread started: Thread Group 1-30
2022-06-29 06:45:11,603 INFO o.a.j.t.JMeterThread: Thread started: Thread Group 1-31
2022-06-29 06:45:11,607 INFO o.a.j.t.JMeterThread: Thread started: Thread Group 1-32
2022-06-29 06:45:11,610 INFO o.a.j.t.JMeterThread: Thread started: Thread Group 1-33
2022-06-29 06:45:11,612 INFO o.a.j.t.JMeterThread: Thread started: Thread Group 1-34
2022-06-29 06:45:11,612 INFO o.a.j.t.JMeterThread: Thread started: Thread Group 1-35
2022-06-29 06:45:11,615 INFO o.a.j.t.JMeterThread: Thread started: Thread Group 1-36
2022-06-29 06:45:11,616 INFO o.a.j.t.JMeterThread: Thread started: Thread Group 1-37
2022-06-29 06:45:11,618 INFO o.a.j.t.JMeterThread: Thread started: Thread Group 1-38
2022-06-29 06:45:11,619 INFO o.a.j.t.JMeterThread: Thread started: Thread Group 1-39
2022-06-29 06:45:11,620 INFO o.a.j.t.JMeterThread: Thread started: Thread Group 1-41
2022-06-29 06:45:11,621 INFO o.a.j.t.JMeterThread: Thread started: Thread Group 1-42
2022-06-29 06:45:11,621 INFO o.a.j.t.JMeterThread: Thread started: Thread Group 1-40
2022-06-29 06:45:11,621 INFO o.a.j.t.JMeterThread: Thread started: Thread Group 1-44
2022-06-29 06:45:11,622 INFO o.a.j.t.JMeterThread: Thread started: Thread Group 1-43
2022-06-29 06:45:11,622 INFO o.a.j.t.JMeterThread: Thread started: Thread Group 1-45
2022-06-29 06:45:11,625 INFO o.a.j.t.ThreadGroup: Started thread group number 1
2022-06-29 06:45:11,625 INFO o.a.j.t.JMeterThread: Thread started: Thread Group 1-50
2022-06-29 06:45:11,626 INFO o.a.j.e.StandardJMeterEngine: All thread groups have been started
2022-06-29 06:45:11,624 INFO o.a.j.t.JMeterThread: Thread started: Thread Group 1-48
2022-06-29 06:45:11,624 INFO o.a.j.t.JMeterThread: Thread started: Thread Group 1-47
2022-06-29 06:45:11,622 INFO o.a.j.t.JMeterThread: Thread started: Thread Group 1-46
2022-06-29 06:45:11,626 INFO o.a.j.t.JMeterThread: Thread started: Thread Group 1-49
2022-06-29 06:45:11,629 INFO o.a.j.p.h.s.HTTPHCAbstractImpl: Local host = ubuntu
2022-06-29 06:45:11,636 INFO o.a.j.p.h.s.HTTPHC4Impl: HTTP request retry count = 0
2022-06-29 06:45:11,638 INFO o.a.j.s.SampleResult: Note: Sample TimeStamps are START times
2022-06-29 06:45:11,638 INFO o.a.j.s.SampleResult: sampleresult.default.encoding is set to ISO-8859-1
2022-06-29 06:45:11,638 INFO o.a.j.s.SampleResult: sampleresult.useNanoTime=true
2022-06-29 06:45:11,638 INFO o.a.j.s.SampleResult: sampleresult.nanoThreadSleep=5000
2022-06-29 06:45:12,107 INFO o.a.j.t.JMeterThread: Thread is done: Thread Group 1-13
2022-06-29 06:45:12,107 INFO o.a.j.t.JMeterThread: Thread finished: Thread Group 1-13
2022-06-29 06:45:12,125 INFO o.a.j.t.JMeterThread: Thread is done: Thread Group 1-23
2022-06-29 06:45:12,125 INFO o.a.j.t.JMeterThread: Thread finished: Thread Group 1-23
2022-06-29 06:45:12,148 INFO o.a.j.t.JMeterThread: Thread is done: Thread Group 1-24
2022-06-29 06:45:12,149 INFO o.a.j.t.JMeterThread: Thread finished: Thread Group 1-24
2022-06-29 06:45:12,153 INFO o.a.j.t.JMeterThread: Thread is done: Thread Group 1-42
2022-06-29 06:45:12,153 INFO o.a.j.t.JMeterThread: Thread finished: Thread Group 1-42
2022-06-29 06:45:12,153 INFO o.a.j.t.JMeterThread: Thread is done: Thread Group 1-47
2022-06-29 06:45:12,155 INFO o.a.j.t.JMeterThread: Thread is done: Thread Group 1-40
2022-06-29 06:45:12,155 INFO o.a.j.t.JMeterThread: Thread finished: Thread Group 1-40
2022-06-29 06:45:12,156 INFO o.a.j.t.JMeterThread: Thread finished: Thread Group 1-47
2022-06-29 06:45:12,159 INFO o.a.j.t.JMeterThread: Thread is done: Thread Group 1-11
2022-06-29 06:45:12,159 INFO o.a.j.t.JMeterThread: Thread finished: Thread Group 1-11
2022-06-29 06:45:12,161 INFO o.a.j.t.JMeterThread: Thread is done: Thread Group 1-50
2022-06-29 06:45:12,161 INFO o.a.j.t.JMeterThread: Thread finished: Thread Group 1-50
2022-06-29 06:45:12,162 INFO o.a.j.t.JMeterThread: Thread is done: Thread Group 1-16
2022-06-29 06:45:12,162 INFO o.a.j.t.JMeterThread: Thread finished: Thread Group 1-16
2022-06-29 06:45:12,162 INFO o.a.j.t.JMeterThread: Thread is done: Thread Group 1-41
2022-06-29 06:45:12,163 INFO o.a.j.t.JMeterThread: Thread finished: Thread Group 1-41
2022-06-29 06:45:12,163 INFO o.a.j.t.JMeterThread: Thread is done: Thread Group 1-49
2022-06-29 06:45:12,163 INFO o.a.j.t.JMeterThread: Thread finished: Thread Group 1-49
2022-06-29 06:45:12,164 INFO o.a.j.t.JMeterThread: Thread is done: Thread Group 1-43
2022-06-29 06:45:12,165 INFO o.a.j.t.JMeterThread: Thread finished: Thread Group 1-43
2022-06-29 06:45:12,166 INFO o.a.j.t.JMeterThread: Thread is done: Thread Group 1-31
2022-06-29 06:45:12,167 INFO o.a.j.t.JMeterThread: Thread finished: Thread Group 1-31
2022-06-29 06:45:12,168 INFO o.a.j.t.JMeterThread: Thread is done: Thread Group 1-27
2022-06-29 06:45:12,168 INFO o.a.j.t.JMeterThread: Thread finished: Thread Group 1-27
2022-06-29 06:45:12,170 INFO o.a.j.t.JMeterThread: Thread is done: Thread Group 1-12
2022-06-29 06:45:12,170 INFO o.a.j.t.JMeterThread: Thread is done: Thread Group 1-17
2022-06-29 06:45:12,170 INFO o.a.j.t.JMeterThread: Thread finished: Thread Group 1-12
2022-06-29 06:45:12,170 INFO o.a.j.t.JMeterThread: Thread finished: Thread Group 1-17
2022-06-29 06:45:12,171 INFO o.a.j.t.JMeterThread: Thread is done: Thread Group 1-20
2022-06-29 06:45:12,171 INFO o.a.j.t.JMeterThread: Thread finished: Thread Group 1-20
2022-06-29 06:45:12,173 INFO o.a.j.t.JMeterThread: Thread is done: Thread Group 1-28
2022-06-29 06:45:12,173 INFO o.a.j.t.JMeterThread: Thread finished: Thread Group 1-28
2022-06-29 06:45:12,173 INFO o.a.j.t.JMeterThread: Thread is done: Thread Group 1-18
2022-06-29 06:45:12,174 INFO o.a.j.t.JMeterThread: Thread finished: Thread Group 1-18
2022-06-29 06:45:12,175 INFO o.a.j.t.JMeterThread: Thread is done: Thread Group 1-8
2022-06-29 06:45:12,178 INFO o.a.j.t.JMeterThread: Thread is done: Thread Group 1-29
2022-06-29 06:45:12,178 INFO o.a.j.t.JMeterThread: Thread finished: Thread Group 1-29
2022-06-29 06:45:12,175 INFO o.a.j.t.JMeterThread: Thread finished: Thread Group 1-8
2022-06-29 06:45:12,181 INFO o.a.j.t.JMeterThread: Thread is done: Thread Group 1-21
2022-06-29 06:45:12,181 INFO o.a.j.t.JMeterThread: Thread finished: Thread Group 1-21
2022-06-29 06:45:12,182 INFO o.a.j.t.JMeterThread: Thread is done: Thread Group 1-6
2022-06-29 06:45:12,182 INFO o.a.j.t.JMeterThread: Thread finished: Thread Group 1-6
2022-06-29 06:45:12,182 INFO o.a.j.t.JMeterThread: Thread is done: Thread Group 1-4
2022-06-29 06:45:12,183 INFO o.a.j.t.JMeterThread: Thread finished: Thread Group 1-4
2022-06-29 06:45:12,183 INFO o.a.j.t.JMeterThread: Thread is done: Thread Group 1-2
2022-06-29 06:45:12,183 INFO o.a.j.t.JMeterThread: Thread finished: Thread Group 1-2
2022-06-29 06:45:12,184 INFO o.a.j.t.JMeterThread: Thread is done: Thread Group 1-36
2022-06-29 06:45:12,184 INFO o.a.j.t.JMeterThread: Thread finished: Thread Group 1-36
2022-06-29 06:45:12,184 INFO o.a.j.t.JMeterThread: Thread is done: Thread Group 1-35
2022-06-29 06:45:12,185 INFO o.a.j.t.JMeterThread: Thread finished: Thread Group 1-35
2022-06-29 06:45:12,185 INFO o.a.j.t.JMeterThread: Thread is done: Thread Group 1-7
2022-06-29 06:45:12,185 INFO o.a.j.t.JMeterThread: Thread is done: Thread Group 1-32
2022-06-29 06:45:12,185 INFO o.a.j.t.JMeterThread: Thread finished: Thread Group 1-7
2022-06-29 06:45:12,185 INFO o.a.j.t.JMeterThread: Thread finished: Thread Group 1-32
2022-06-29 06:45:12,186 INFO o.a.j.t.JMeterThread: Thread is done: Thread Group 1-26
2022-06-29 06:45:12,187 INFO o.a.j.t.JMeterThread: Thread finished: Thread Group 1-26
2022-06-29 06:45:12,190 INFO o.a.j.t.JMeterThread: Thread is done: Thread Group 1-44
2022-06-29 06:45:12,191 INFO o.a.j.t.JMeterThread: Thread finished: Thread Group 1-44
2022-06-29 06:45:12,196 INFO o.a.j.t.JMeterThread: Thread is done: Thread Group 1-1
2022-06-29 06:45:12,196 INFO o.a.j.t.JMeterThread: Thread finished: Thread Group 1-1
2022-06-29 06:45:12,197 INFO o.a.j.t.JMeterThread: Thread is done: Thread Group 1-38
2022-06-29 06:45:12,197 INFO o.a.j.t.JMeterThread: Thread is done: Thread Group 1-19
2022-06-29 06:45:12,198 INFO o.a.j.t.JMeterThread: Thread finished: Thread Group 1-38
2022-06-29 06:45:12,198 INFO o.a.j.t.JMeterThread: Thread finished: Thread Group 1-19
2022-06-29 06:45:12,199 INFO o.a.j.t.JMeterThread: Thread is done: Thread Group 1-9
2022-06-29 06:45:12,199 INFO o.a.j.t.JMeterThread: Thread finished: Thread Group 1-9
2022-06-29 06:45:12,201 INFO o.a.j.t.JMeterThread: Thread is done: Thread Group 1-45
2022-06-29 06:45:12,201 INFO o.a.j.t.JMeterThread: Thread finished: Thread Group 1-45
2022-06-29 06:45:12,201 INFO o.a.j.t.JMeterThread: Thread is done: Thread Group 1-22
2022-06-29 06:45:12,201 INFO o.a.j.t.JMeterThread: Thread finished: Thread Group 1-22
2022-06-29 06:45:12,202 INFO o.a.j.t.JMeterThread: Thread is done: Thread Group 1-48
2022-06-29 06:45:12,202 INFO o.a.j.t.JMeterThread: Thread finished: Thread Group 1-48
2022-06-29 06:45:12,202 INFO o.a.j.t.JMeterThread: Thread is done: Thread Group 1-5
2022-06-29 06:45:12,203 INFO o.a.j.t.JMeterThread: Thread finished: Thread Group 1-5
2022-06-29 06:45:12,204 INFO o.a.j.t.JMeterThread: Thread is done: Thread Group 1-46
2022-06-29 06:45:12,204 INFO o.a.j.t.JMeterThread: Thread finished: Thread Group 1-46
2022-06-29 06:45:12,204 INFO o.a.j.t.JMeterThread: Thread is done: Thread Group 1-25
2022-06-29 06:45:12,204 INFO o.a.j.t.JMeterThread: Thread finished: Thread Group 1-25
2022-06-29 06:45:12,204 INFO o.a.j.t.JMeterThread: Thread is done: Thread Group 1-15
2022-06-29 06:45:12,205 INFO o.a.j.t.JMeterThread: Thread finished: Thread Group 1-15
2022-06-29 06:45:12,206 INFO o.a.j.t.JMeterThread: Thread is done: Thread Group 1-34
2022-06-29 06:45:12,206 INFO o.a.j.t.JMeterThread: Thread finished: Thread Group 1-34
2022-06-29 06:45:12,207 INFO o.a.j.t.JMeterThread: Thread is done: Thread Group 1-14
2022-06-29 06:45:12,207 INFO o.a.j.t.JMeterThread: Thread finished: Thread Group 1-14
2022-06-29 06:45:12,209 INFO o.a.j.t.JMeterThread: Thread is done: Thread Group 1-3
2022-06-29 06:45:12,209 INFO o.a.j.t.JMeterThread: Thread finished: Thread Group 1-3
2022-06-29 06:45:12,212 INFO o.a.j.t.JMeterThread: Thread is done: Thread Group 1-37
2022-06-29 06:45:12,212 INFO o.a.j.t.JMeterThread: Thread finished: Thread Group 1-37
2022-06-29 06:45:12,212 INFO o.a.j.t.JMeterThread: Thread is done: Thread Group 1-30
2022-06-29 06:45:12,212 INFO o.a.j.t.JMeterThread: Thread finished: Thread Group 1-30
2022-06-29 06:45:12,213 INFO o.a.j.t.JMeterThread: Thread is done: Thread Group 1-33
2022-06-29 06:45:12,213 INFO o.a.j.t.JMeterThread: Thread finished: Thread Group 1-33
2022-06-29 06:45:12,216 INFO o.a.j.t.JMeterThread: Thread is done: Thread Group 1-39
2022-06-29 06:45:12,216 INFO o.a.j.t.JMeterThread: Thread finished: Thread Group 1-39
2022-06-29 06:45:12,219 INFO o.a.j.t.JMeterThread: Thread is done: Thread Group 1-10
2022-06-29 06:45:12,219 INFO o.a.j.t.JMeterThread: Thread finished: Thread Group 1-10
2022-06-29 06:45:12,220 INFO o.a.j.e.StandardJMeterEngine: Notifying test listeners of end of test
2022-06-29 06:45:12,221 INFO o.a.j.r.Summariser: summary =    750 in 00:00:01 = 1063.8/s Avg:    24 Min:     2 Max:   109 Err:     0 (0.00%)
2022-06-29 06:45:12,221 INFO o.a.j.JMeter: Generating Dashboard
2022-06-29 06:45:12,221 INFO o.a.j.r.d.ReportGenerator: Flushing result collector before report Generation
2022-06-29 06:45:12,231 INFO o.a.j.r.p.NormalizerSampleConsumer: Using format, 'ms', to parse timeStamp field
2022-06-29 06:45:12,331 INFO o.a.j.r.p.AbstractSampleConsumer: class org.apache.jmeter.report.processor.AggregateConsumer#stopProducing(): beginDate produced 0 samples
2022-06-29 06:45:12,332 INFO o.a.j.r.p.AbstractSampleConsumer: class org.apache.jmeter.report.processor.AggregateConsumer#stopProducing(): endDate produced 0 samples
2022-06-29 06:45:12,335 INFO o.a.j.r.p.AbstractSampleConsumer: class org.apache.jmeter.report.processor.ApdexSummaryConsumer#stopProducing(): apdexSummary produced 0 samples
2022-06-29 06:45:12,335 INFO o.a.j.r.p.AbstractSampleConsumer: class org.apache.jmeter.report.processor.RequestsSummaryConsumer#stopProducing(): requestsSummary produced 0 samples
2022-06-29 06:45:12,340 INFO o.a.j.r.p.AbstractSampleConsumer: class org.apache.jmeter.report.processor.StatisticsSummaryConsumer#stopProducing(): statisticsSummary produced 0 samples
2022-06-29 06:45:12,341 INFO o.a.j.r.p.AbstractSampleConsumer: class org.apache.jmeter.report.processor.Top5ErrorsBySamplerConsumer#stopProducing(): top5ErrorsBySampler produced 0 samples
2022-06-29 06:45:12,341 INFO o.a.j.r.p.AbstractSampleConsumer: class org.apache.jmeter.report.processor.ErrorsSummaryConsumer#stopProducing(): errorsSummary produced 0 samples
2022-06-29 06:45:12,342 INFO o.a.j.r.p.AbstractSampleConsumer: class org.apache.jmeter.report.processor.graph.impl.HitsPerSecondGraphConsumer#stopProducing(): hitsPerSecond produced 0 samples
2022-06-29 06:45:12,356 INFO o.a.j.r.p.AbstractSampleConsumer: class org.apache.jmeter.report.processor.graph.impl.LatencyVSRequestGraphConsumer#stopProducing(): latencyVsRequest produced 0 samples
2022-06-29 06:45:12,357 INFO o.a.j.r.p.AbstractSampleConsumer: class org.apache.jmeter.report.processor.graph.impl.SyntheticResponseTimeDistributionGraphConsumer#stopProducing(): syntheticResponseTimeDistribution produced 0 samples
2022-06-29 06:45:12,357 INFO o.a.j.r.p.AbstractSampleConsumer: class org.apache.jmeter.report.processor.graph.impl.BytesThroughputGraphConsumer#stopProducing(): bytesThroughputOverTime produced 0 samples
2022-06-29 06:45:12,357 INFO o.a.j.r.p.AbstractSampleConsumer: class org.apache.jmeter.report.processor.graph.impl.CodesPerSecondGraphConsumer#stopProducing(): codesPerSecond produced 0 samples
2022-06-29 06:45:12,365 INFO o.a.j.r.p.AbstractSampleConsumer: class org.apache.jmeter.report.processor.graph.impl.ResponseTimeVSRequestGraphConsumer#stopProducing(): responseTimeVsRequest produced 0 samples
2022-06-29 06:45:12,365 INFO o.a.j.r.p.AbstractSampleConsumer: class org.apache.jmeter.report.processor.FilterConsumer#stopProducing(): startIntervalControlerFilter produced 5250 samples
2022-06-29 06:45:12,365 INFO o.a.j.r.p.AbstractSampleConsumer: class org.apache.jmeter.report.processor.graph.impl.TotalTPSGraphConsumer#stopProducing(): totalTPS produced 0 samples
2022-06-29 06:45:12,365 INFO o.a.j.r.p.AbstractSampleConsumer: class org.apache.jmeter.report.processor.graph.impl.ActiveThreadsGraphConsumer#stopProducing(): activeThreadsOverTime produced 0 samples
2022-06-29 06:45:12,365 INFO o.a.j.r.p.AbstractSampleConsumer: class org.apache.jmeter.report.processor.graph.impl.TimeVSThreadGraphConsumer#stopProducing(): timeVsThreads produced 0 samples
2022-06-29 06:45:12,366 INFO o.a.j.r.p.AbstractSampleConsumer: class org.apache.jmeter.report.processor.graph.impl.ResponseTimeDistributionGraphConsumer#stopProducing(): responseTimeDistribution produced 0 samples
2022-06-29 06:45:12,366 INFO o.a.j.r.p.AbstractSampleConsumer: class org.apache.jmeter.report.processor.graph.impl.TransactionsPerSecondGraphConsumer#stopProducing(): transactionsPerSecond produced 0 samples
2022-06-29 06:45:12,366 INFO o.a.j.r.p.AbstractSampleConsumer: class org.apache.jmeter.report.processor.graph.impl.ResponseTimePercentilesGraphConsumer#stopProducing(): responseTimePercentiles produced 0 samples
2022-06-29 06:45:12,367 INFO o.a.j.r.p.AbstractSampleConsumer: class org.apache.jmeter.report.processor.graph.impl.ResponseTimePercentilesOverTimeGraphConsumer#stopProducing(): responseTimePercentilesOverTime produced 0 samples
2022-06-29 06:45:12,367 INFO o.a.j.r.p.AbstractSampleConsumer: class org.apache.jmeter.report.processor.graph.impl.ResponseTimeOverTimeGraphConsumer#stopProducing(): responseTimesOverTime produced 0 samples
2022-06-29 06:45:12,367 INFO o.a.j.r.p.AbstractSampleConsumer: class org.apache.jmeter.report.processor.graph.impl.ConnectTimeOverTimeGraphConsumer#stopProducing(): connectTimeOverTime produced 0 samples
2022-06-29 06:45:12,367 INFO o.a.j.r.p.AbstractSampleConsumer: class org.apache.jmeter.report.processor.graph.impl.LatencyOverTimeGraphConsumer#stopProducing(): latenciesOverTime produced 0 samples
2022-06-29 06:45:12,367 INFO o.a.j.r.p.AbstractSampleConsumer: class org.apache.jmeter.report.processor.FilterConsumer#stopProducing(): nameFilter produced 11250 samples
2022-06-29 06:45:12,367 INFO o.a.j.r.p.AbstractSampleConsumer: class org.apache.jmeter.report.processor.FilterConsumer#stopProducing(): dateRangeFilter produced 2250 samples
2022-06-29 06:45:12,367 INFO o.a.j.r.p.AbstractSampleConsumer: class org.apache.jmeter.report.processor.NormalizerSampleConsumer#stopProducing(): normalizer produced 750 samples
2022-06-29 06:45:12,368 INFO o.a.j.r.p.CsvFileSampleSource: produce(): 750 samples produced in 117ms on channel 0
2022-06-29 06:45:12,368 INFO o.a.j.r.d.ReportGenerator: Exporting data using exporter:'json' of className:'org.apache.jmeter.report.dashboard.JsonExporter'
2022-06-29 06:45:12,486 INFO o.a.j.r.d.JsonExporter: Found data for consumer statisticsSummary in context
2022-06-29 06:45:12,486 INFO o.a.j.r.d.JsonExporter: Creating statistics for overall
2022-06-29 06:45:12,486 INFO o.a.j.r.d.JsonExporter: Creating statistics for other transactions
2022-06-29 06:45:12,487 INFO o.a.j.r.d.JsonExporter: Checking output folder
2022-06-29 06:45:12,487 INFO o.a.j.r.d.JsonExporter: Writing statistics JSON to /home/saul/IdeaProjects/aw10-final-saul-worseman/single-test-report/statistics.json
2022-06-29 06:45:12,519 INFO o.a.j.r.d.ReportGenerator: Exporting data using exporter:'html' of className:'org.apache.jmeter.report.dashboard.HtmlTemplateExporter'
2022-06-29 06:45:12,522 INFO o.a.j.r.d.HtmlTemplateExporter: Will generate dashboard in folder: /home/saul/IdeaProjects/aw10-final-saul-worseman/single-test-report
2022-06-29 06:45:12,636 INFO o.a.j.r.d.HtmlTemplateExporter: Report will be generated in: /home/saul/IdeaProjects/aw10-final-saul-worseman/single-test-report, creating folder structure
2022-06-29 06:45:12,639 INFO o.a.j.r.d.TemplateVisitor: Copying folder from '/home/saul/apache-jmeter-5.5/bin/report-template' to '/home/saul/IdeaProjects/aw10-final-saul-worseman/single-test-report', got message: /home/saul/IdeaProjects/aw10-final-saul-worseman/single-test-report, found non empty folder with following content [/home/saul/IdeaProjects/aw10-final-saul-worseman/single-test-report/statistics.json], will be ignored
2022-06-29 06:45:12,829 INFO o.a.j.JMeter: Dashboard generated
